Determining if the include file pthread.h exists failed with the following output:
Change Dir: C:/Users/Daniel/source/repos/MyfareNFCio/out/build/x64-Debug/CMakeFiles/CMakeTmp

Run Build Command(s):C:/Program Files/Microsoft Visual Studio/2022/Community/Common7/IDE/CommonExtensions/Microsoft/CMake/Ninja/ninja.exe cmTC_dd2c0 && [1/2] Building C object CMakeFiles\cmTC_dd2c0.dir\CheckIncludeFile.c.obj
FAILED: CMakeFiles/cmTC_dd2c0.dir/CheckIncludeFile.c.obj 
C:\PROGRA~1\MIB055~1\2022\COMMUN~1\VC\Tools\MSVC\1432~1.313\bin\Hostx64\x64\cl.exe  /nologo   /DWIN32 /D_WINDOWS  /Zi /Ob0 /Od /RTC1 -MDd /showIncludes /FoCMakeFiles\cmTC_dd2c0.dir\CheckIncludeFile.c.obj /FdCMakeFiles\cmTC_dd2c0.dir\ /FS -c C:\Users\Daniel\source\repos\MyfareNFCio\out\build\x64-Debug\CMakeFiles\CMakeTmp\CheckIncludeFile.c
C:\Users\Daniel\source\repos\MyfareNFCio\out\build\x64-Debug\CMakeFiles\CMakeTmp\CheckIncludeFile.c(1): fatal error C1083: Cannot open include file: 'pthread.h': No such file or directory
ninja: build stopped: subcommand failed.



Determining if the include file unwind.h exists failed with the following output:
Change Dir: C:/Users/Daniel/source/repos/MyfareNFCio/out/build/x64-Debug/CMakeFiles/CMakeTmp

Run Build Command(s):C:/Program Files/Microsoft Visual Studio/2022/Community/Common7/IDE/CommonExtensions/Microsoft/CMake/Ninja/ninja.exe cmTC_9d7bb && [1/2] Building CXX object CMakeFiles\cmTC_9d7bb.dir\CheckIncludeFile.cxx.obj
FAILED: CMakeFiles/cmTC_9d7bb.dir/CheckIncludeFile.cxx.obj 
C:\PROGRA~1\MIB055~1\2022\COMMUN~1\VC\Tools\MSVC\1432~1.313\bin\Hostx64\x64\cl.exe  /nologo /TP   /DWIN32 /D_WINDOWS /EHsc  /Zi /Ob0 /Od /RTC1 -MDd -std:c++17 /showIncludes /FoCMakeFiles\cmTC_9d7bb.dir\CheckIncludeFile.cxx.obj /FdCMakeFiles\cmTC_9d7bb.dir\ /FS -c C:\Users\Daniel\source\repos\MyfareNFCio\out\build\x64-Debug\CMakeFiles\CMakeTmp\CheckIncludeFile.cxx
C:\Users\Daniel\source\repos\MyfareNFCio\out\build\x64-Debug\CMakeFiles\CMakeTmp\CheckIncludeFile.cxx(1): fatal error C1083: Cannot open include file: 'unwind.h': No such file or directory
ninja: build stopped: subcommand failed.



Determining if the _Unwind_Backtrace exist failed with the following output:
Change Dir: C:/Users/Daniel/source/repos/MyfareNFCio/out/build/x64-Debug/CMakeFiles/CMakeTmp

Run Build Command(s):C:/Program Files/Microsoft Visual Studio/2022/Community/Common7/IDE/CommonExtensions/Microsoft/CMake/Ninja/ninja.exe cmTC_fe18f && [1/2] Building CXX object CMakeFiles\cmTC_fe18f.dir\CheckSymbolExists.cxx.obj
FAILED: CMakeFiles/cmTC_fe18f.dir/CheckSymbolExists.cxx.obj 
C:\PROGRA~1\MIB055~1\2022\COMMUN~1\VC\Tools\MSVC\1432~1.313\bin\Hostx64\x64\cl.exe  /nologo /TP   /DWIN32 /D_WINDOWS /EHsc  /Zi /Ob0 /Od /RTC1 -MDd -std:c++17 /showIncludes /FoCMakeFiles\cmTC_fe18f.dir\CheckSymbolExists.cxx.obj /FdCMakeFiles\cmTC_fe18f.dir\ /FS -c C:\Users\Daniel\source\repos\MyfareNFCio\out\build\x64-Debug\CMakeFiles\CMakeTmp\CheckSymbolExists.cxx
C:\Users\Daniel\source\repos\MyfareNFCio\out\build\x64-Debug\CMakeFiles\CMakeTmp\CheckSymbolExists.cxx(2): fatal error C1083: Cannot open include file: 'unwind.h': No such file or directory
ninja: build stopped: subcommand failed.


File C:/Users/Daniel/source/repos/MyfareNFCio/out/build/x64-Debug/CMakeFiles/CMakeTmp/CheckSymbolExists.cxx:
/* */
#include <unwind.h>

int main(int argc, char** argv)
{
  (void)argv;
#ifndef _Unwind_Backtrace
  return ((int*)(&_Unwind_Backtrace))[argc];
#else
  (void)argc;
  return 0;
#endif
}
Determining if the include file dlfcn.h exists failed with the following output:
Change Dir: C:/Users/Daniel/source/repos/MyfareNFCio/out/build/x64-Debug/CMakeFiles/CMakeTmp

Run Build Command(s):C:/Program Files/Microsoft Visual Studio/2022/Community/Common7/IDE/CommonExtensions/Microsoft/CMake/Ninja/ninja.exe cmTC_ac0c0 && [1/2] Building CXX object CMakeFiles\cmTC_ac0c0.dir\CheckIncludeFile.cxx.obj
FAILED: CMakeFiles/cmTC_ac0c0.dir/CheckIncludeFile.cxx.obj 
C:\PROGRA~1\MIB055~1\2022\COMMUN~1\VC\Tools\MSVC\1432~1.313\bin\Hostx64\x64\cl.exe  /nologo /TP   /DWIN32 /D_WINDOWS /EHsc  /Zi /Ob0 /Od /RTC1 -MDd -std:c++17 /showIncludes /FoCMakeFiles\cmTC_ac0c0.dir\CheckIncludeFile.cxx.obj /FdCMakeFiles\cmTC_ac0c0.dir\ /FS -c C:\Users\Daniel\source\repos\MyfareNFCio\out\build\x64-Debug\CMakeFiles\CMakeTmp\CheckIncludeFile.cxx
C:\Users\Daniel\source\repos\MyfareNFCio\out\build\x64-Debug\CMakeFiles\CMakeTmp\CheckIncludeFile.cxx(1): fatal error C1083: Cannot open include file: 'dlfcn.h': No such file or directory
ninja: build stopped: subcommand failed.



Determining if the include file execinfo.h exists failed with the following output:
Change Dir: C:/Users/Daniel/source/repos/MyfareNFCio/out/build/x64-Debug/CMakeFiles/CMakeTmp

Run Build Command(s):C:/Program Files/Microsoft Visual Studio/2022/Community/Common7/IDE/CommonExtensions/Microsoft/CMake/Ninja/ninja.exe cmTC_1952b && [1/2] Building CXX object CMakeFiles\cmTC_1952b.dir\CheckIncludeFile.cxx.obj
FAILED: CMakeFiles/cmTC_1952b.dir/CheckIncludeFile.cxx.obj 
C:\PROGRA~1\MIB055~1\2022\COMMUN~1\VC\Tools\MSVC\1432~1.313\bin\Hostx64\x64\cl.exe  /nologo /TP   /DWIN32 /D_WINDOWS /EHsc  /Zi /Ob0 /Od /RTC1 -MDd -std:c++17 /showIncludes /FoCMakeFiles\cmTC_1952b.dir\CheckIncludeFile.cxx.obj /FdCMakeFiles\cmTC_1952b.dir\ /FS -c C:\Users\Daniel\source\repos\MyfareNFCio\out\build\x64-Debug\CMakeFiles\CMakeTmp\CheckIncludeFile.cxx
C:\Users\Daniel\source\repos\MyfareNFCio\out\build\x64-Debug\CMakeFiles\CMakeTmp\CheckIncludeFile.cxx(1): fatal error C1083: Cannot open include file: 'execinfo.h': No such file or directory
ninja: build stopped: subcommand failed.



Determining if the include file glob.h exists failed with the following output:
Change Dir: C:/Users/Daniel/source/repos/MyfareNFCio/out/build/x64-Debug/CMakeFiles/CMakeTmp

Run Build Command(s):C:/Program Files/Microsoft Visual Studio/2022/Community/Common7/IDE/CommonExtensions/Microsoft/CMake/Ninja/ninja.exe cmTC_9ebe3 && [1/2] Building CXX object CMakeFiles\cmTC_9ebe3.dir\CheckIncludeFile.cxx.obj
FAILED: CMakeFiles/cmTC_9ebe3.dir/CheckIncludeFile.cxx.obj 
C:\PROGRA~1\MIB055~1\2022\COMMUN~1\VC\Tools\MSVC\1432~1.313\bin\Hostx64\x64\cl.exe  /nologo /TP   /DWIN32 /D_WINDOWS /EHsc  /Zi /Ob0 /Od /RTC1 -MDd -std:c++17 /showIncludes /FoCMakeFiles\cmTC_9ebe3.dir\CheckIncludeFile.cxx.obj /FdCMakeFiles\cmTC_9ebe3.dir\ /FS -c C:\Users\Daniel\source\repos\MyfareNFCio\out\build\x64-Debug\CMakeFiles\CMakeTmp\CheckIncludeFile.cxx
C:\Users\Daniel\source\repos\MyfareNFCio\out\build\x64-Debug\CMakeFiles\CMakeTmp\CheckIncludeFile.cxx(1): fatal error C1083: Cannot open include file: 'glob.h': No such file or directory
ninja: build stopped: subcommand failed.



Determining if the include file pwd.h exists failed with the following output:
Change Dir: C:/Users/Daniel/source/repos/MyfareNFCio/out/build/x64-Debug/CMakeFiles/CMakeTmp

Run Build Command(s):C:/Program Files/Microsoft Visual Studio/2022/Community/Common7/IDE/CommonExtensions/Microsoft/CMake/Ninja/ninja.exe cmTC_53639 && [1/2] Building CXX object CMakeFiles\cmTC_53639.dir\CheckIncludeFile.cxx.obj
FAILED: CMakeFiles/cmTC_53639.dir/CheckIncludeFile.cxx.obj 
C:\PROGRA~1\MIB055~1\2022\COMMUN~1\VC\Tools\MSVC\1432~1.313\bin\Hostx64\x64\cl.exe  /nologo /TP   /DWIN32 /D_WINDOWS /EHsc  /Zi /Ob0 /Od /RTC1 -MDd -std:c++17 /showIncludes /FoCMakeFiles\cmTC_53639.dir\CheckIncludeFile.cxx.obj /FdCMakeFiles\cmTC_53639.dir\ /FS -c C:\Users\Daniel\source\repos\MyfareNFCio\out\build\x64-Debug\CMakeFiles\CMakeTmp\CheckIncludeFile.cxx
C:\Users\Daniel\source\repos\MyfareNFCio\out\build\x64-Debug\CMakeFiles\CMakeTmp\CheckIncludeFile.cxx(1): fatal error C1083: Cannot open include file: 'pwd.h': No such file or directory
ninja: build stopped: subcommand failed.



Determining if the include file strings.h exists failed with the following output:
Change Dir: C:/Users/Daniel/source/repos/MyfareNFCio/out/build/x64-Debug/CMakeFiles/CMakeTmp

Run Build Command(s):C:/Program Files/Microsoft Visual Studio/2022/Community/Common7/IDE/CommonExtensions/Microsoft/CMake/Ninja/ninja.exe cmTC_06cf3 && [1/2] Building CXX object CMakeFiles\cmTC_06cf3.dir\CheckIncludeFile.cxx.obj
FAILED: CMakeFiles/cmTC_06cf3.dir/CheckIncludeFile.cxx.obj 
C:\PROGRA~1\MIB055~1\2022\COMMUN~1\VC\Tools\MSVC\1432~1.313\bin\Hostx64\x64\cl.exe  /nologo /TP   /DWIN32 /D_WINDOWS /EHsc  /Zi /Ob0 /Od /RTC1 -MDd -std:c++17 /showIncludes /FoCMakeFiles\cmTC_06cf3.dir\CheckIncludeFile.cxx.obj /FdCMakeFiles\cmTC_06cf3.dir\ /FS -c C:\Users\Daniel\source\repos\MyfareNFCio\out\build\x64-Debug\CMakeFiles\CMakeTmp\CheckIncludeFile.cxx
C:\Users\Daniel\source\repos\MyfareNFCio\out\build\x64-Debug\CMakeFiles\CMakeTmp\CheckIncludeFile.cxx(1): fatal error C1083: Cannot open include file: 'strings.h': No such file or directory
ninja: build stopped: subcommand failed.



Determining if the include file sys/syscall.h exists failed with the following output:
Change Dir: C:/Users/Daniel/source/repos/MyfareNFCio/out/build/x64-Debug/CMakeFiles/CMakeTmp

Run Build Command(s):C:/Program Files/Microsoft Visual Studio/2022/Community/Common7/IDE/CommonExtensions/Microsoft/CMake/Ninja/ninja.exe cmTC_1b2ff && [1/2] Building CXX object CMakeFiles\cmTC_1b2ff.dir\CheckIncludeFile.cxx.obj
FAILED: CMakeFiles/cmTC_1b2ff.dir/CheckIncludeFile.cxx.obj 
C:\PROGRA~1\MIB055~1\2022\COMMUN~1\VC\Tools\MSVC\1432~1.313\bin\Hostx64\x64\cl.exe  /nologo /TP   /DWIN32 /D_WINDOWS /EHsc  /Zi /Ob0 /Od /RTC1 -MDd -std:c++17 /showIncludes /FoCMakeFiles\cmTC_1b2ff.dir\CheckIncludeFile.cxx.obj /FdCMakeFiles\cmTC_1b2ff.dir\ /FS -c C:\Users\Daniel\source\repos\MyfareNFCio\out\build\x64-Debug\CMakeFiles\CMakeTmp\CheckIncludeFile.cxx
C:\Users\Daniel\source\repos\MyfareNFCio\out\build\x64-Debug\CMakeFiles\CMakeTmp\CheckIncludeFile.cxx(1): fatal error C1083: Cannot open include file: 'sys/syscall.h': No such file or directory
ninja: build stopped: subcommand failed.



Determining if the include file sys/time.h exists failed with the following output:
Change Dir: C:/Users/Daniel/source/repos/MyfareNFCio/out/build/x64-Debug/CMakeFiles/CMakeTmp

Run Build Command(s):C:/Program Files/Microsoft Visual Studio/2022/Community/Common7/IDE/CommonExtensions/Microsoft/CMake/Ninja/ninja.exe cmTC_7b343 && [1/2] Building CXX object CMakeFiles\cmTC_7b343.dir\CheckIncludeFile.cxx.obj
FAILED: CMakeFiles/cmTC_7b343.dir/CheckIncludeFile.cxx.obj 
C:\PROGRA~1\MIB055~1\2022\COMMUN~1\VC\Tools\MSVC\1432~1.313\bin\Hostx64\x64\cl.exe  /nologo /TP   /DWIN32 /D_WINDOWS /EHsc  /Zi /Ob0 /Od /RTC1 -MDd -std:c++17 /showIncludes /FoCMakeFiles\cmTC_7b343.dir\CheckIncludeFile.cxx.obj /FdCMakeFiles\cmTC_7b343.dir\ /FS -c C:\Users\Daniel\source\repos\MyfareNFCio\out\build\x64-Debug\CMakeFiles\CMakeTmp\CheckIncludeFile.cxx
C:\Users\Daniel\source\repos\MyfareNFCio\out\build\x64-Debug\CMakeFiles\CMakeTmp\CheckIncludeFile.cxx(1): fatal error C1083: Cannot open include file: 'sys/time.h': No such file or directory
ninja: build stopped: subcommand failed.



Determining if the include file sys/utsname.h exists failed with the following output:
Change Dir: C:/Users/Daniel/source/repos/MyfareNFCio/out/build/x64-Debug/CMakeFiles/CMakeTmp

Run Build Command(s):C:/Program Files/Microsoft Visual Studio/2022/Community/Common7/IDE/CommonExtensions/Microsoft/CMake/Ninja/ninja.exe cmTC_b9902 && [1/2] Building CXX object CMakeFiles\cmTC_b9902.dir\CheckIncludeFile.cxx.obj
FAILED: CMakeFiles/cmTC_b9902.dir/CheckIncludeFile.cxx.obj 
C:\PROGRA~1\MIB055~1\2022\COMMUN~1\VC\Tools\MSVC\1432~1.313\bin\Hostx64\x64\cl.exe  /nologo /TP   /DWIN32 /D_WINDOWS /EHsc  /Zi /Ob0 /Od /RTC1 -MDd -std:c++17 /showIncludes /FoCMakeFiles\cmTC_b9902.dir\CheckIncludeFile.cxx.obj /FdCMakeFiles\cmTC_b9902.dir\ /FS -c C:\Users\Daniel\source\repos\MyfareNFCio\out\build\x64-Debug\CMakeFiles\CMakeTmp\CheckIncludeFile.cxx
C:\Users\Daniel\source\repos\MyfareNFCio\out\build\x64-Debug\CMakeFiles\CMakeTmp\CheckIncludeFile.cxx(1): fatal error C1083: Cannot open include file: 'sys/utsname.h': No such file or directory
ninja: build stopped: subcommand failed.



Determining if the include file sys/wait.h exists failed with the following output:
Change Dir: C:/Users/Daniel/source/repos/MyfareNFCio/out/build/x64-Debug/CMakeFiles/CMakeTmp

Run Build Command(s):C:/Program Files/Microsoft Visual Studio/2022/Community/Common7/IDE/CommonExtensions/Microsoft/CMake/Ninja/ninja.exe cmTC_d7e62 && [1/2] Building CXX object CMakeFiles\cmTC_d7e62.dir\CheckIncludeFile.cxx.obj
FAILED: CMakeFiles/cmTC_d7e62.dir/CheckIncludeFile.cxx.obj 
C:\PROGRA~1\MIB055~1\2022\COMMUN~1\VC\Tools\MSVC\1432~1.313\bin\Hostx64\x64\cl.exe  /nologo /TP   /DWIN32 /D_WINDOWS /EHsc  /Zi /Ob0 /Od /RTC1 -MDd -std:c++17 /showIncludes /FoCMakeFiles\cmTC_d7e62.dir\CheckIncludeFile.cxx.obj /FdCMakeFiles\cmTC_d7e62.dir\ /FS -c C:\Users\Daniel\source\repos\MyfareNFCio\out\build\x64-Debug\CMakeFiles\CMakeTmp\CheckIncludeFile.cxx
C:\Users\Daniel\source\repos\MyfareNFCio\out\build\x64-Debug\CMakeFiles\CMakeTmp\CheckIncludeFile.cxx(1): fatal error C1083: Cannot open include file: 'sys/wait.h': No such file or directory
ninja: build stopped: subcommand failed.



Determining if the include file syscall.h exists failed with the following output:
Change Dir: C:/Users/Daniel/source/repos/MyfareNFCio/out/build/x64-Debug/CMakeFiles/CMakeTmp

Run Build Command(s):C:/Program Files/Microsoft Visual Studio/2022/Community/Common7/IDE/CommonExtensions/Microsoft/CMake/Ninja/ninja.exe cmTC_7b9eb && [1/2] Building CXX object CMakeFiles\cmTC_7b9eb.dir\CheckIncludeFile.cxx.obj
FAILED: CMakeFiles/cmTC_7b9eb.dir/CheckIncludeFile.cxx.obj 
C:\PROGRA~1\MIB055~1\2022\COMMUN~1\VC\Tools\MSVC\1432~1.313\bin\Hostx64\x64\cl.exe  /nologo /TP   /DWIN32 /D_WINDOWS /EHsc  /Zi /Ob0 /Od /RTC1 -MDd -std:c++17 /showIncludes /FoCMakeFiles\cmTC_7b9eb.dir\CheckIncludeFile.cxx.obj /FdCMakeFiles\cmTC_7b9eb.dir\ /FS -c C:\Users\Daniel\source\repos\MyfareNFCio\out\build\x64-Debug\CMakeFiles\CMakeTmp\CheckIncludeFile.cxx
C:\Users\Daniel\source\repos\MyfareNFCio\out\build\x64-Debug\CMakeFiles\CMakeTmp\CheckIncludeFile.cxx(1): fatal error C1083: Cannot open include file: 'syscall.h': No such file or directory
ninja: build stopped: subcommand failed.



Determining if the include file syslog.h exists failed with the following output:
Change Dir: C:/Users/Daniel/source/repos/MyfareNFCio/out/build/x64-Debug/CMakeFiles/CMakeTmp

Run Build Command(s):C:/Program Files/Microsoft Visual Studio/2022/Community/Common7/IDE/CommonExtensions/Microsoft/CMake/Ninja/ninja.exe cmTC_6d5a5 && [1/2] Building CXX object CMakeFiles\cmTC_6d5a5.dir\CheckIncludeFile.cxx.obj
FAILED: CMakeFiles/cmTC_6d5a5.dir/CheckIncludeFile.cxx.obj 
C:\PROGRA~1\MIB055~1\2022\COMMUN~1\VC\Tools\MSVC\1432~1.313\bin\Hostx64\x64\cl.exe  /nologo /TP   /DWIN32 /D_WINDOWS /EHsc  /Zi /Ob0 /Od /RTC1 -MDd -std:c++17 /showIncludes /FoCMakeFiles\cmTC_6d5a5.dir\CheckIncludeFile.cxx.obj /FdCMakeFiles\cmTC_6d5a5.dir\ /FS -c C:\Users\Daniel\source\repos\MyfareNFCio\out\build\x64-Debug\CMakeFiles\CMakeTmp\CheckIncludeFile.cxx
C:\Users\Daniel\source\repos\MyfareNFCio\out\build\x64-Debug\CMakeFiles\CMakeTmp\CheckIncludeFile.cxx(1): fatal error C1083: Cannot open include file: 'syslog.h': No such file or directory
ninja: build stopped: subcommand failed.



Determining if the include file ucontext.h exists failed with the following output:
Change Dir: C:/Users/Daniel/source/repos/MyfareNFCio/out/build/x64-Debug/CMakeFiles/CMakeTmp

Run Build Command(s):C:/Program Files/Microsoft Visual Studio/2022/Community/Common7/IDE/CommonExtensions/Microsoft/CMake/Ninja/ninja.exe cmTC_74b7a && [1/2] Building CXX object CMakeFiles\cmTC_74b7a.dir\CheckIncludeFile.cxx.obj
FAILED: CMakeFiles/cmTC_74b7a.dir/CheckIncludeFile.cxx.obj 
C:\PROGRA~1\MIB055~1\2022\COMMUN~1\VC\Tools\MSVC\1432~1.313\bin\Hostx64\x64\cl.exe  /nologo /TP   /DWIN32 /D_WINDOWS /EHsc  /Zi /Ob0 /Od /RTC1 -MDd -std:c++17 /showIncludes /FoCMakeFiles\cmTC_74b7a.dir\CheckIncludeFile.cxx.obj /FdCMakeFiles\cmTC_74b7a.dir\ /FS -c C:\Users\Daniel\source\repos\MyfareNFCio\out\build\x64-Debug\CMakeFiles\CMakeTmp\CheckIncludeFile.cxx
C:\Users\Daniel\source\repos\MyfareNFCio\out\build\x64-Debug\CMakeFiles\CMakeTmp\CheckIncludeFile.cxx(1): fatal error C1083: Cannot open include file: 'ucontext.h': No such file or directory
ninja: build stopped: subcommand failed.



Determining if the include file unistd.h exists failed with the following output:
Change Dir: C:/Users/Daniel/source/repos/MyfareNFCio/out/build/x64-Debug/CMakeFiles/CMakeTmp

Run Build Command(s):C:/Program Files/Microsoft Visual Studio/2022/Community/Common7/IDE/CommonExtensions/Microsoft/CMake/Ninja/ninja.exe cmTC_cce12 && [1/2] Building CXX object CMakeFiles\cmTC_cce12.dir\CheckIncludeFile.cxx.obj
FAILED: CMakeFiles/cmTC_cce12.dir/CheckIncludeFile.cxx.obj 
C:\PROGRA~1\MIB055~1\2022\COMMUN~1\VC\Tools\MSVC\1432~1.313\bin\Hostx64\x64\cl.exe  /nologo /TP   /DWIN32 /D_WINDOWS /EHsc  /Zi /Ob0 /Od /RTC1 -MDd -std:c++17 /showIncludes /FoCMakeFiles\cmTC_cce12.dir\CheckIncludeFile.cxx.obj /FdCMakeFiles\cmTC_cce12.dir\ /FS -c C:\Users\Daniel\source\repos\MyfareNFCio\out\build\x64-Debug\CMakeFiles\CMakeTmp\CheckIncludeFile.cxx
C:\Users\Daniel\source\repos\MyfareNFCio\out\build\x64-Debug\CMakeFiles\CMakeTmp\CheckIncludeFile.cxx(1): fatal error C1083: Cannot open include file: 'unistd.h': No such file or directory
ninja: build stopped: subcommand failed.



Determining if the include file ext/hash_map exists failed with the following output:
Change Dir: C:/Users/Daniel/source/repos/MyfareNFCio/out/build/x64-Debug/CMakeFiles/CMakeTmp

Run Build Command(s):C:/Program Files/Microsoft Visual Studio/2022/Community/Common7/IDE/CommonExtensions/Microsoft/CMake/Ninja/ninja.exe cmTC_58934 && [1/2] Building CXX object CMakeFiles\cmTC_58934.dir\CheckIncludeFile.cxx.obj
FAILED: CMakeFiles/cmTC_58934.dir/CheckIncludeFile.cxx.obj 
C:\PROGRA~1\MIB055~1\2022\COMMUN~1\VC\Tools\MSVC\1432~1.313\bin\Hostx64\x64\cl.exe  /nologo /TP   /DWIN32 /D_WINDOWS /EHsc  /Zi /Ob0 /Od /RTC1 -MDd -std:c++17 /showIncludes /FoCMakeFiles\cmTC_58934.dir\CheckIncludeFile.cxx.obj /FdCMakeFiles\cmTC_58934.dir\ /FS -c C:\Users\Daniel\source\repos\MyfareNFCio\out\build\x64-Debug\CMakeFiles\CMakeTmp\CheckIncludeFile.cxx
C:\Users\Daniel\source\repos\MyfareNFCio\out\build\x64-Debug\CMakeFiles\CMakeTmp\CheckIncludeFile.cxx(1): fatal error C1083: Cannot open include file: 'ext/hash_map': No such file or directory
ninja: build stopped: subcommand failed.



Determining if the include file ext/hash_set exists failed with the following output:
Change Dir: C:/Users/Daniel/source/repos/MyfareNFCio/out/build/x64-Debug/CMakeFiles/CMakeTmp

Run Build Command(s):C:/Program Files/Microsoft Visual Studio/2022/Community/Common7/IDE/CommonExtensions/Microsoft/CMake/Ninja/ninja.exe cmTC_93b69 && [1/2] Building CXX object CMakeFiles\cmTC_93b69.dir\CheckIncludeFile.cxx.obj
FAILED: CMakeFiles/cmTC_93b69.dir/CheckIncludeFile.cxx.obj 
C:\PROGRA~1\MIB055~1\2022\COMMUN~1\VC\Tools\MSVC\1432~1.313\bin\Hostx64\x64\cl.exe  /nologo /TP   /DWIN32 /D_WINDOWS /EHsc  /Zi /Ob0 /Od /RTC1 -MDd -std:c++17 /showIncludes /FoCMakeFiles\cmTC_93b69.dir\CheckIncludeFile.cxx.obj /FdCMakeFiles\cmTC_93b69.dir\ /FS -c C:\Users\Daniel\source\repos\MyfareNFCio\out\build\x64-Debug\CMakeFiles\CMakeTmp\CheckIncludeFile.cxx
C:\Users\Daniel\source\repos\MyfareNFCio\out\build\x64-Debug\CMakeFiles\CMakeTmp\CheckIncludeFile.cxx(1): fatal error C1083: Cannot open include file: 'ext/hash_set': No such file or directory
ninja: build stopped: subcommand failed.



Determining if the include file ext/slist exists failed with the following output:
Change Dir: C:/Users/Daniel/source/repos/MyfareNFCio/out/build/x64-Debug/CMakeFiles/CMakeTmp

Run Build Command(s):C:/Program Files/Microsoft Visual Studio/2022/Community/Common7/IDE/CommonExtensions/Microsoft/CMake/Ninja/ninja.exe cmTC_c6c9c && [1/2] Building CXX object CMakeFiles\cmTC_c6c9c.dir\CheckIncludeFile.cxx.obj
FAILED: CMakeFiles/cmTC_c6c9c.dir/CheckIncludeFile.cxx.obj 
C:\PROGRA~1\MIB055~1\2022\COMMUN~1\VC\Tools\MSVC\1432~1.313\bin\Hostx64\x64\cl.exe  /nologo /TP   /DWIN32 /D_WINDOWS /EHsc  /Zi /Ob0 /Od /RTC1 -MDd -std:c++17 /showIncludes /FoCMakeFiles\cmTC_c6c9c.dir\CheckIncludeFile.cxx.obj /FdCMakeFiles\cmTC_c6c9c.dir\ /FS -c C:\Users\Daniel\source\repos\MyfareNFCio\out\build\x64-Debug\CMakeFiles\CMakeTmp\CheckIncludeFile.cxx
C:\Users\Daniel\source\repos\MyfareNFCio\out\build\x64-Debug\CMakeFiles\CMakeTmp\CheckIncludeFile.cxx(1): fatal error C1083: Cannot open include file: 'ext/slist': No such file or directory
ninja: build stopped: subcommand failed.



Determining if the include file tr1/unordered_map exists failed with the following output:
Change Dir: C:/Users/Daniel/source/repos/MyfareNFCio/out/build/x64-Debug/CMakeFiles/CMakeTmp

Run Build Command(s):C:/Program Files/Microsoft Visual Studio/2022/Community/Common7/IDE/CommonExtensions/Microsoft/CMake/Ninja/ninja.exe cmTC_9003c && [1/2] Building CXX object CMakeFiles\cmTC_9003c.dir\CheckIncludeFile.cxx.obj
FAILED: CMakeFiles/cmTC_9003c.dir/CheckIncludeFile.cxx.obj 
C:\PROGRA~1\MIB055~1\2022\COMMUN~1\VC\Tools\MSVC\1432~1.313\bin\Hostx64\x64\cl.exe  /nologo /TP   /DWIN32 /D_WINDOWS /EHsc  /Zi /Ob0 /Od /RTC1 -MDd -std:c++17 /showIncludes /FoCMakeFiles\cmTC_9003c.dir\CheckIncludeFile.cxx.obj /FdCMakeFiles\cmTC_9003c.dir\ /FS -c C:\Users\Daniel\source\repos\MyfareNFCio\out\build\x64-Debug\CMakeFiles\CMakeTmp\CheckIncludeFile.cxx
C:\Users\Daniel\source\repos\MyfareNFCio\out\build\x64-Debug\CMakeFiles\CMakeTmp\CheckIncludeFile.cxx(1): fatal error C1083: Cannot open include file: 'tr1/unordered_map': No such file or directory
ninja: build stopped: subcommand failed.



Determining if the include file tr1/unordered_set exists failed with the following output:
Change Dir: C:/Users/Daniel/source/repos/MyfareNFCio/out/build/x64-Debug/CMakeFiles/CMakeTmp

Run Build Command(s):C:/Program Files/Microsoft Visual Studio/2022/Community/Common7/IDE/CommonExtensions/Microsoft/CMake/Ninja/ninja.exe cmTC_20811 && [1/2] Building CXX object CMakeFiles\cmTC_20811.dir\CheckIncludeFile.cxx.obj
FAILED: CMakeFiles/cmTC_20811.dir/CheckIncludeFile.cxx.obj 
C:\PROGRA~1\MIB055~1\2022\COMMUN~1\VC\Tools\MSVC\1432~1.313\bin\Hostx64\x64\cl.exe  /nologo /TP   /DWIN32 /D_WINDOWS /EHsc  /Zi /Ob0 /Od /RTC1 -MDd -std:c++17 /showIncludes /FoCMakeFiles\cmTC_20811.dir\CheckIncludeFile.cxx.obj /FdCMakeFiles\cmTC_20811.dir\ /FS -c C:\Users\Daniel\source\repos\MyfareNFCio\out\build\x64-Debug\CMakeFiles\CMakeTmp\CheckIncludeFile.cxx
C:\Users\Daniel\source\repos\MyfareNFCio\out\build\x64-Debug\CMakeFiles\CMakeTmp\CheckIncludeFile.cxx(1): fatal error C1083: Cannot open include file: 'tr1/unordered_set': No such file or directory
ninja: build stopped: subcommand failed.



Determining size of u_int16_t failed with the following output:
Change Dir: C:/Users/Daniel/source/repos/MyfareNFCio/out/build/x64-Debug/CMakeFiles/CMakeTmp

Run Build Command(s):C:/Program Files/Microsoft Visual Studio/2022/Community/Common7/IDE/CommonExtensions/Microsoft/CMake/Ninja/ninja.exe cmTC_e8830 && [1/2] Building CXX object CMakeFiles\cmTC_e8830.dir\HAVE_U_INT16_T.cpp.obj
FAILED: CMakeFiles/cmTC_e8830.dir/HAVE_U_INT16_T.cpp.obj 
C:\PROGRA~1\MIB055~1\2022\COMMUN~1\VC\Tools\MSVC\1432~1.313\bin\Hostx64\x64\cl.exe  /nologo /TP   /DWIN32 /D_WINDOWS /EHsc  /Zi /Ob0 /Od /RTC1 -MDd -std:c++17 /showIncludes /FoCMakeFiles\cmTC_e8830.dir\HAVE_U_INT16_T.cpp.obj /FdCMakeFiles\cmTC_e8830.dir\ /FS -c C:\Users\Daniel\source\repos\MyfareNFCio\out\build\x64-Debug\CMakeFiles\CheckTypeSize\HAVE_U_INT16_T.cpp
C:\Users\Daniel\source\repos\MyfareNFCio\out\build\x64-Debug\CMakeFiles\CheckTypeSize\HAVE_U_INT16_T.cpp(29): error C2065: 'u_int16_t': undeclared identifier
C:\Users\Daniel\source\repos\MyfareNFCio\out\build\x64-Debug\CMakeFiles\CheckTypeSize\HAVE_U_INT16_T.cpp(30): error C2065: 'u_int16_t': undeclared identifier
C:\Users\Daniel\source\repos\MyfareNFCio\out\build\x64-Debug\CMakeFiles\CheckTypeSize\HAVE_U_INT16_T.cpp(31): error C2065: 'u_int16_t': undeclared identifier
C:\Users\Daniel\source\repos\MyfareNFCio\out\build\x64-Debug\CMakeFiles\CheckTypeSize\HAVE_U_INT16_T.cpp(32): error C2065: 'u_int16_t': undeclared identifier
C:\Users\Daniel\source\repos\MyfareNFCio\out\build\x64-Debug\CMakeFiles\CheckTypeSize\HAVE_U_INT16_T.cpp(33): error C2065: 'u_int16_t': undeclared identifier
ninja: build stopped: subcommand failed.


C:/Users/Daniel/source/repos/MyfareNFCio/out/build/x64-Debug/CMakeFiles/CheckTypeSize/HAVE_U_INT16_T.cpp:
#include <sys/types.h>
#include <stdint.h>
#include <stddef.h>


#undef KEY
#if defined(__i386)
# define KEY '_','_','i','3','8','6'
#elif defined(__x86_64)
# define KEY '_','_','x','8','6','_','6','4'
#elif defined(__PPC64__)
# define KEY '_','_','P','P','C','6','4','_','_'
#elif defined(__ppc64__)
# define KEY '_','_','p','p','c','6','4','_','_'
#elif defined(__PPC__)
# define KEY '_','_','P','P','C','_','_'
#elif defined(__ppc__)
# define KEY '_','_','p','p','c','_','_'
#elif defined(__aarch64__)
# define KEY '_','_','a','a','r','c','h','6','4','_','_'
#elif defined(__ARM_ARCH_7A__)
# define KEY '_','_','A','R','M','_','A','R','C','H','_','7','A','_','_'
#elif defined(__ARM_ARCH_7S__)
# define KEY '_','_','A','R','M','_','A','R','C','H','_','7','S','_','_'
#endif

#define SIZE (sizeof(u_int16_t))
static char info_size[] =  {'I', 'N', 'F', 'O', ':', 's','i','z','e','[',
  ('0' + ((SIZE / 10000)%10)),
  ('0' + ((SIZE / 1000)%10)),
  ('0' + ((SIZE / 100)%10)),
  ('0' + ((SIZE / 10)%10)),
  ('0' +  (SIZE    % 10)),
  ']',
#ifdef KEY
  ' ','k','e','y','[', KEY, ']',
#endif
  '\0'};

#ifdef __CLASSIC_C__
int main(argc, argv) int argc; char *argv[];
#else
int main(int argc, char *argv[])
#endif
{
  int require = 0;
  require += info_size[argc];
  (void)argv;
  return require;
}


Determining if the function dladdr exists failed with the following output:
Change Dir: C:/Users/Daniel/source/repos/MyfareNFCio/out/build/x64-Debug/CMakeFiles/CMakeTmp

Run Build Command(s):C:/Program Files/Microsoft Visual Studio/2022/Community/Common7/IDE/CommonExtensions/Microsoft/CMake/Ninja/ninja.exe cmTC_9f71c && [1/2] Building C object CMakeFiles\cmTC_9f71c.dir\CheckFunctionExists.c.obj
[2/2] Linking C executable cmTC_9f71c.exe
FAILED: cmTC_9f71c.exe 
cmd.exe /C "cd . && "C:\Program Files\Microsoft Visual Studio\2022\Community\Common7\IDE\CommonExtensions\Microsoft\CMake\CMake\bin\cmake.exe" -E vs_link_exe --intdir=CMakeFiles\cmTC_9f71c.dir --rc=C:\PROGRA~2\WI3CF2~1\10\bin\100203~1.0\x64\rc.exe --mt=C:\PROGRA~2\WI3CF2~1\10\bin\100203~1.0\x64\mt.exe --manifests  -- C:\PROGRA~1\MIB055~1\2022\COMMUN~1\VC\Tools\MSVC\1432~1.313\bin\Hostx64\x64\link.exe /nologo CMakeFiles\cmTC_9f71c.dir\CheckFunctionExists.c.obj  /out:cmTC_9f71c.exe /implib:cmTC_9f71c.lib /pdb:cmTC_9f71c.pdb /version:0.0 /machine:x64  /debug /INCREMENTAL /subsystem:console  kernel32.lib user32.lib gdi32.lib winspool.lib shell32.lib ole32.lib oleaut32.lib uuid.lib comdlg32.lib advapi32.lib && cd ."
LINK Pass 1: command "C:\PROGRA~1\MIB055~1\2022\COMMUN~1\VC\Tools\MSVC\1432~1.313\bin\Hostx64\x64\link.exe /nologo CMakeFiles\cmTC_9f71c.dir\CheckFunctionExists.c.obj /out:cmTC_9f71c.exe /implib:cmTC_9f71c.lib /pdb:cmTC_9f71c.pdb /version:0.0 /machine:x64 /debug /INCREMENTAL /subsystem:console kernel32.lib user32.lib gdi32.lib winspool.lib shell32.lib ole32.lib oleaut32.lib uuid.lib comdlg32.lib advapi32.lib /MANIFEST /MANIFESTFILE:CMakeFiles\cmTC_9f71c.dir/intermediate.manifest CMakeFiles\cmTC_9f71c.dir/manifest.res" failed (exit code 1120) with the following output:
CheckFunctionExists.c.obj : error LNK2019: unresolved external symbol dladdr referenced in function main
cmTC_9f71c.exe : fatal error LNK1120: 1 unresolved externals
ninja: build stopped: subcommand failed.



Determining if the function fcntl exists failed with the following output:
Change Dir: C:/Users/Daniel/source/repos/MyfareNFCio/out/build/x64-Debug/CMakeFiles/CMakeTmp

Run Build Command(s):C:/Program Files/Microsoft Visual Studio/2022/Community/Common7/IDE/CommonExtensions/Microsoft/CMake/Ninja/ninja.exe cmTC_e9fae && [1/2] Building C object CMakeFiles\cmTC_e9fae.dir\CheckFunctionExists.c.obj
[2/2] Linking C executable cmTC_e9fae.exe
FAILED: cmTC_e9fae.exe 
cmd.exe /C "cd . && "C:\Program Files\Microsoft Visual Studio\2022\Community\Common7\IDE\CommonExtensions\Microsoft\CMake\CMake\bin\cmake.exe" -E vs_link_exe --intdir=CMakeFiles\cmTC_e9fae.dir --rc=C:\PROGRA~2\WI3CF2~1\10\bin\100203~1.0\x64\rc.exe --mt=C:\PROGRA~2\WI3CF2~1\10\bin\100203~1.0\x64\mt.exe --manifests  -- C:\PROGRA~1\MIB055~1\2022\COMMUN~1\VC\Tools\MSVC\1432~1.313\bin\Hostx64\x64\link.exe /nologo CMakeFiles\cmTC_e9fae.dir\CheckFunctionExists.c.obj  /out:cmTC_e9fae.exe /implib:cmTC_e9fae.lib /pdb:cmTC_e9fae.pdb /version:0.0 /machine:x64  /debug /INCREMENTAL /subsystem:console  kernel32.lib user32.lib gdi32.lib winspool.lib shell32.lib ole32.lib oleaut32.lib uuid.lib comdlg32.lib advapi32.lib && cd ."
LINK Pass 1: command "C:\PROGRA~1\MIB055~1\2022\COMMUN~1\VC\Tools\MSVC\1432~1.313\bin\Hostx64\x64\link.exe /nologo CMakeFiles\cmTC_e9fae.dir\CheckFunctionExists.c.obj /out:cmTC_e9fae.exe /implib:cmTC_e9fae.lib /pdb:cmTC_e9fae.pdb /version:0.0 /machine:x64 /debug /INCREMENTAL /subsystem:console kernel32.lib user32.lib gdi32.lib winspool.lib shell32.lib ole32.lib oleaut32.lib uuid.lib comdlg32.lib advapi32.lib /MANIFEST /MANIFESTFILE:CMakeFiles\cmTC_e9fae.dir/intermediate.manifest CMakeFiles\cmTC_e9fae.dir/manifest.res" failed (exit code 1120) with the following output:
CheckFunctionExists.c.obj : error LNK2019: unresolved external symbol fcntl referenced in function main
cmTC_e9fae.exe : fatal error LNK1120: 1 unresolved externals
ninja: build stopped: subcommand failed.



Determining if the function pread exists failed with the following output:
Change Dir: C:/Users/Daniel/source/repos/MyfareNFCio/out/build/x64-Debug/CMakeFiles/CMakeTmp

Run Build Command(s):C:/Program Files/Microsoft Visual Studio/2022/Community/Common7/IDE/CommonExtensions/Microsoft/CMake/Ninja/ninja.exe cmTC_8fcc5 && [1/2] Building C object CMakeFiles\cmTC_8fcc5.dir\CheckFunctionExists.c.obj
[2/2] Linking C executable cmTC_8fcc5.exe
FAILED: cmTC_8fcc5.exe 
cmd.exe /C "cd . && "C:\Program Files\Microsoft Visual Studio\2022\Community\Common7\IDE\CommonExtensions\Microsoft\CMake\CMake\bin\cmake.exe" -E vs_link_exe --intdir=CMakeFiles\cmTC_8fcc5.dir --rc=C:\PROGRA~2\WI3CF2~1\10\bin\100203~1.0\x64\rc.exe --mt=C:\PROGRA~2\WI3CF2~1\10\bin\100203~1.0\x64\mt.exe --manifests  -- C:\PROGRA~1\MIB055~1\2022\COMMUN~1\VC\Tools\MSVC\1432~1.313\bin\Hostx64\x64\link.exe /nologo CMakeFiles\cmTC_8fcc5.dir\CheckFunctionExists.c.obj  /out:cmTC_8fcc5.exe /implib:cmTC_8fcc5.lib /pdb:cmTC_8fcc5.pdb /version:0.0 /machine:x64  /debug /INCREMENTAL /subsystem:console  kernel32.lib user32.lib gdi32.lib winspool.lib shell32.lib ole32.lib oleaut32.lib uuid.lib comdlg32.lib advapi32.lib && cd ."
LINK Pass 1: command "C:\PROGRA~1\MIB055~1\2022\COMMUN~1\VC\Tools\MSVC\1432~1.313\bin\Hostx64\x64\link.exe /nologo CMakeFiles\cmTC_8fcc5.dir\CheckFunctionExists.c.obj /out:cmTC_8fcc5.exe /implib:cmTC_8fcc5.lib /pdb:cmTC_8fcc5.pdb /version:0.0 /machine:x64 /debug /INCREMENTAL /subsystem:console kernel32.lib user32.lib gdi32.lib winspool.lib shell32.lib ole32.lib oleaut32.lib uuid.lib comdlg32.lib advapi32.lib /MANIFEST /MANIFESTFILE:CMakeFiles\cmTC_8fcc5.dir/intermediate.manifest CMakeFiles\cmTC_8fcc5.dir/manifest.res" failed (exit code 1120) with the following output:
CheckFunctionExists.c.obj : error LNK2019: unresolved external symbol pread referenced in function main
cmTC_8fcc5.exe : fatal error LNK1120: 1 unresolved externals
ninja: build stopped: subcommand failed.



Determining if the function pwrite exists failed with the following output:
Change Dir: C:/Users/Daniel/source/repos/MyfareNFCio/out/build/x64-Debug/CMakeFiles/CMakeTmp

Run Build Command(s):C:/Program Files/Microsoft Visual Studio/2022/Community/Common7/IDE/CommonExtensions/Microsoft/CMake/Ninja/ninja.exe cmTC_47337 && [1/2] Building C object CMakeFiles\cmTC_47337.dir\CheckFunctionExists.c.obj
[2/2] Linking C executable cmTC_47337.exe
FAILED: cmTC_47337.exe 
cmd.exe /C "cd . && "C:\Program Files\Microsoft Visual Studio\2022\Community\Common7\IDE\CommonExtensions\Microsoft\CMake\CMake\bin\cmake.exe" -E vs_link_exe --intdir=CMakeFiles\cmTC_47337.dir --rc=C:\PROGRA~2\WI3CF2~1\10\bin\100203~1.0\x64\rc.exe --mt=C:\PROGRA~2\WI3CF2~1\10\bin\100203~1.0\x64\mt.exe --manifests  -- C:\PROGRA~1\MIB055~1\2022\COMMUN~1\VC\Tools\MSVC\1432~1.313\bin\Hostx64\x64\link.exe /nologo CMakeFiles\cmTC_47337.dir\CheckFunctionExists.c.obj  /out:cmTC_47337.exe /implib:cmTC_47337.lib /pdb:cmTC_47337.pdb /version:0.0 /machine:x64  /debug /INCREMENTAL /subsystem:console  kernel32.lib user32.lib gdi32.lib winspool.lib shell32.lib ole32.lib oleaut32.lib uuid.lib comdlg32.lib advapi32.lib && cd ."
LINK Pass 1: command "C:\PROGRA~1\MIB055~1\2022\COMMUN~1\VC\Tools\MSVC\1432~1.313\bin\Hostx64\x64\link.exe /nologo CMakeFiles\cmTC_47337.dir\CheckFunctionExists.c.obj /out:cmTC_47337.exe /implib:cmTC_47337.lib /pdb:cmTC_47337.pdb /version:0.0 /machine:x64 /debug /INCREMENTAL /subsystem:console kernel32.lib user32.lib gdi32.lib winspool.lib shell32.lib ole32.lib oleaut32.lib uuid.lib comdlg32.lib advapi32.lib /MANIFEST /MANIFESTFILE:CMakeFiles\cmTC_47337.dir/intermediate.manifest CMakeFiles\cmTC_47337.dir/manifest.res" failed (exit code 1120) with the following output:
CheckFunctionExists.c.obj : error LNK2019: unresolved external symbol pwrite referenced in function main
cmTC_47337.exe : fatal error LNK1120: 1 unresolved externals
ninja: build stopped: subcommand failed.



Determining if the function sigaction exists failed with the following output:
Change Dir: C:/Users/Daniel/source/repos/MyfareNFCio/out/build/x64-Debug/CMakeFiles/CMakeTmp

Run Build Command(s):C:/Program Files/Microsoft Visual Studio/2022/Community/Common7/IDE/CommonExtensions/Microsoft/CMake/Ninja/ninja.exe cmTC_7b7f2 && [1/2] Building C object CMakeFiles\cmTC_7b7f2.dir\CheckFunctionExists.c.obj
[2/2] Linking C executable cmTC_7b7f2.exe
FAILED: cmTC_7b7f2.exe 
cmd.exe /C "cd . && "C:\Program Files\Microsoft Visual Studio\2022\Community\Common7\IDE\CommonExtensions\Microsoft\CMake\CMake\bin\cmake.exe" -E vs_link_exe --intdir=CMakeFiles\cmTC_7b7f2.dir --rc=C:\PROGRA~2\WI3CF2~1\10\bin\100203~1.0\x64\rc.exe --mt=C:\PROGRA~2\WI3CF2~1\10\bin\100203~1.0\x64\mt.exe --manifests  -- C:\PROGRA~1\MIB055~1\2022\COMMUN~1\VC\Tools\MSVC\1432~1.313\bin\Hostx64\x64\link.exe /nologo CMakeFiles\cmTC_7b7f2.dir\CheckFunctionExists.c.obj  /out:cmTC_7b7f2.exe /implib:cmTC_7b7f2.lib /pdb:cmTC_7b7f2.pdb /version:0.0 /machine:x64  /debug /INCREMENTAL /subsystem:console  kernel32.lib user32.lib gdi32.lib winspool.lib shell32.lib ole32.lib oleaut32.lib uuid.lib comdlg32.lib advapi32.lib && cd ."
LINK Pass 1: command "C:\PROGRA~1\MIB055~1\2022\COMMUN~1\VC\Tools\MSVC\1432~1.313\bin\Hostx64\x64\link.exe /nologo CMakeFiles\cmTC_7b7f2.dir\CheckFunctionExists.c.obj /out:cmTC_7b7f2.exe /implib:cmTC_7b7f2.lib /pdb:cmTC_7b7f2.pdb /version:0.0 /machine:x64 /debug /INCREMENTAL /subsystem:console kernel32.lib user32.lib gdi32.lib winspool.lib shell32.lib ole32.lib oleaut32.lib uuid.lib comdlg32.lib advapi32.lib /MANIFEST /MANIFESTFILE:CMakeFiles\cmTC_7b7f2.dir/intermediate.manifest CMakeFiles\cmTC_7b7f2.dir/manifest.res" failed (exit code 1120) with the following output:
CheckFunctionExists.c.obj : error LNK2019: unresolved external symbol sigaction referenced in function main
cmTC_7b7f2.exe : fatal error LNK1120: 1 unresolved externals
ninja: build stopped: subcommand failed.



Determining if the function sigaltstack exists failed with the following output:
Change Dir: C:/Users/Daniel/source/repos/MyfareNFCio/out/build/x64-Debug/CMakeFiles/CMakeTmp

Run Build Command(s):C:/Program Files/Microsoft Visual Studio/2022/Community/Common7/IDE/CommonExtensions/Microsoft/CMake/Ninja/ninja.exe cmTC_1ee1f && [1/2] Building C object CMakeFiles\cmTC_1ee1f.dir\CheckFunctionExists.c.obj
[2/2] Linking C executable cmTC_1ee1f.exe
FAILED: cmTC_1ee1f.exe 
cmd.exe /C "cd . && "C:\Program Files\Microsoft Visual Studio\2022\Community\Common7\IDE\CommonExtensions\Microsoft\CMake\CMake\bin\cmake.exe" -E vs_link_exe --intdir=CMakeFiles\cmTC_1ee1f.dir --rc=C:\PROGRA~2\WI3CF2~1\10\bin\100203~1.0\x64\rc.exe --mt=C:\PROGRA~2\WI3CF2~1\10\bin\100203~1.0\x64\mt.exe --manifests  -- C:\PROGRA~1\MIB055~1\2022\COMMUN~1\VC\Tools\MSVC\1432~1.313\bin\Hostx64\x64\link.exe /nologo CMakeFiles\cmTC_1ee1f.dir\CheckFunctionExists.c.obj  /out:cmTC_1ee1f.exe /implib:cmTC_1ee1f.lib /pdb:cmTC_1ee1f.pdb /version:0.0 /machine:x64  /debug /INCREMENTAL /subsystem:console  kernel32.lib user32.lib gdi32.lib winspool.lib shell32.lib ole32.lib oleaut32.lib uuid.lib comdlg32.lib advapi32.lib && cd ."
LINK Pass 1: command "C:\PROGRA~1\MIB055~1\2022\COMMUN~1\VC\Tools\MSVC\1432~1.313\bin\Hostx64\x64\link.exe /nologo CMakeFiles\cmTC_1ee1f.dir\CheckFunctionExists.c.obj /out:cmTC_1ee1f.exe /implib:cmTC_1ee1f.lib /pdb:cmTC_1ee1f.pdb /version:0.0 /machine:x64 /debug /INCREMENTAL /subsystem:console kernel32.lib user32.lib gdi32.lib winspool.lib shell32.lib ole32.lib oleaut32.lib uuid.lib comdlg32.lib advapi32.lib /MANIFEST /MANIFESTFILE:CMakeFiles\cmTC_1ee1f.dir/intermediate.manifest CMakeFiles\cmTC_1ee1f.dir/manifest.res" failed (exit code 1120) with the following output:
CheckFunctionExists.c.obj : error LNK2019: unresolved external symbol sigaltstack referenced in function main
cmTC_1ee1f.exe : fatal error LNK1120: 1 unresolved externals
ninja: build stopped: subcommand failed.



Performing C++ SOURCE FILE Test HAVE_NO_DEPRECATED failed with the following output:
Change Dir: C:/Users/Daniel/source/repos/MyfareNFCio/out/build/x64-Debug/CMakeFiles/CMakeTmp

Run Build Command(s):C:/Program Files/Microsoft Visual Studio/2022/Community/Common7/IDE/CommonExtensions/Microsoft/CMake/Ninja/ninja.exe cmTC_be864 && [1/2] Building CXX object CMakeFiles\cmTC_be864.dir\src.cxx.obj
FAILED: CMakeFiles/cmTC_be864.dir/src.cxx.obj 
C:\PROGRA~1\MIB055~1\2022\COMMUN~1\VC\Tools\MSVC\1432~1.313\bin\Hostx64\x64\cl.exe  /nologo /TP -DHAVE_NO_DEPRECATED  /DWIN32 /D_WINDOWS /EHsc  /Zi /Ob0 /Od /RTC1 -MDd   -Wdeprecated /showIncludes /FoCMakeFiles\cmTC_be864.dir\src.cxx.obj /FdCMakeFiles\cmTC_be864.dir\ /FS -c C:\Users\Daniel\source\repos\MyfareNFCio\out\build\x64-Debug\CMakeFiles\CMakeTmp\src.cxx
cl : Command line error D8021 : invalid numeric argument '/Wdeprecated'
ninja: build stopped: subcommand failed.


Source file was:
int main() { return 0; }
Performing C++ SOURCE FILE Test HAVE_NO_UNNAMED_TYPE_TEMPLATE_ARGS failed with the following output:
Change Dir: C:/Users/Daniel/source/repos/MyfareNFCio/out/build/x64-Debug/CMakeFiles/CMakeTmp

Run Build Command(s):C:/Program Files/Microsoft Visual Studio/2022/Community/Common7/IDE/CommonExtensions/Microsoft/CMake/Ninja/ninja.exe cmTC_866b6 && [1/2] Building CXX object CMakeFiles\cmTC_866b6.dir\src.cxx.obj
FAILED: CMakeFiles/cmTC_866b6.dir/src.cxx.obj 
C:\PROGRA~1\MIB055~1\2022\COMMUN~1\VC\Tools\MSVC\1432~1.313\bin\Hostx64\x64\cl.exe  /nologo /TP -DHAVE_NO_UNNAMED_TYPE_TEMPLATE_ARGS  /DWIN32 /D_WINDOWS /EHsc  /Zi /Ob0 /Od /RTC1 -MDd   -Wunnamed-type-template-args /showIncludes /FoCMakeFiles\cmTC_866b6.dir\src.cxx.obj /FdCMakeFiles\cmTC_866b6.dir\ /FS -c C:\Users\Daniel\source\repos\MyfareNFCio\out\build\x64-Debug\CMakeFiles\CMakeTmp\src.cxx
cl : Command line error D8021 : invalid numeric argument '/Wunnamed-type-template-args'
ninja: build stopped: subcommand failed.


Source file was:
int main() { return 0; }
Determining if the pthread_threadid_np exist failed with the following output:
Change Dir: C:/Users/Daniel/source/repos/MyfareNFCio/out/build/x64-Debug/CMakeFiles/CMakeTmp

Run Build Command(s):C:/Program Files/Microsoft Visual Studio/2022/Community/Common7/IDE/CommonExtensions/Microsoft/CMake/Ninja/ninja.exe cmTC_71cb4 && [1/2] Building CXX object CMakeFiles\cmTC_71cb4.dir\CheckSymbolExists.cxx.obj
FAILED: CMakeFiles/cmTC_71cb4.dir/CheckSymbolExists.cxx.obj 
C:\PROGRA~1\MIB055~1\2022\COMMUN~1\VC\Tools\MSVC\1432~1.313\bin\Hostx64\x64\cl.exe  /nologo /TP   /DWIN32 /D_WINDOWS /EHsc  /Zi /Ob0 /Od /RTC1 -MDd -std:c++17 /showIncludes /FoCMakeFiles\cmTC_71cb4.dir\CheckSymbolExists.cxx.obj /FdCMakeFiles\cmTC_71cb4.dir\ /FS -c C:\Users\Daniel\source\repos\MyfareNFCio\out\build\x64-Debug\CMakeFiles\CMakeTmp\CheckSymbolExists.cxx
C:\Users\Daniel\source\repos\MyfareNFCio\out\build\x64-Debug\CMakeFiles\CMakeTmp\CheckSymbolExists.cxx(2): fatal error C1083: Cannot open include file: 'pthread.h': No such file or directory
ninja: build stopped: subcommand failed.


File C:/Users/Daniel/source/repos/MyfareNFCio/out/build/x64-Debug/CMakeFiles/CMakeTmp/CheckSymbolExists.cxx:
/* */
#include <pthread.h>

int main(int argc, char** argv)
{
  (void)argv;
#ifndef pthread_threadid_np
  return ((int*)(&pthread_threadid_np))[argc];
#else
  (void)argc;
  return 0;
#endif
}
Performing C++ SOURCE FILE Test HAVE___ATTRIBUTE__ failed with the following output:
Change Dir: C:/Users/Daniel/source/repos/MyfareNFCio/out/build/x64-Debug/CMakeFiles/CMakeTmp

Run Build Command(s):C:/Program Files/Microsoft Visual Studio/2022/Community/Common7/IDE/CommonExtensions/Microsoft/CMake/Ninja/ninja.exe cmTC_24134 && [1/2] Building CXX object CMakeFiles\cmTC_24134.dir\src.cxx.obj
FAILED: CMakeFiles/cmTC_24134.dir/src.cxx.obj 
C:\PROGRA~1\MIB055~1\2022\COMMUN~1\VC\Tools\MSVC\1432~1.313\bin\Hostx64\x64\cl.exe  /nologo /TP -DHAVE___ATTRIBUTE__  /DWIN32 /D_WINDOWS /EHsc  /Zi /Ob0 /Od /RTC1 -MDd /showIncludes /FoCMakeFiles\cmTC_24134.dir\src.cxx.obj /FdCMakeFiles\cmTC_24134.dir\ /FS -c C:\Users\Daniel\source\repos\MyfareNFCio\out\build\x64-Debug\CMakeFiles\CMakeTmp\src.cxx
C:\Users\Daniel\source\repos\MyfareNFCio\out\build\x64-Debug\CMakeFiles\CMakeTmp\src.cxx(3): error C3646: '__attribute__': unknown override specifier
C:\Users\Daniel\source\repos\MyfareNFCio\out\build\x64-Debug\CMakeFiles\CMakeTmp\src.cxx(3): error C2059: syntax error: '('
C:\Users\Daniel\source\repos\MyfareNFCio\out\build\x64-Debug\CMakeFiles\CMakeTmp\src.cxx(3): error C4430: missing type specifier - int assumed. Note: C++ does not support default-int
ninja: build stopped: subcommand failed.


Source file was:

#include <cstdlib>
static void foo(void) __attribute__ ((unused));
int main(void) { return 0; }

Performing C++ SOURCE FILE Test HAVE___ATTRIBUTE__VISIBILITY_DEFAULT failed with the following output:
Change Dir: C:/Users/Daniel/source/repos/MyfareNFCio/out/build/x64-Debug/CMakeFiles/CMakeTmp

Run Build Command(s):C:/Program Files/Microsoft Visual Studio/2022/Community/Common7/IDE/CommonExtensions/Microsoft/CMake/Ninja/ninja.exe cmTC_4e373 && [1/2] Building CXX object CMakeFiles\cmTC_4e373.dir\src.cxx.obj
FAILED: CMakeFiles/cmTC_4e373.dir/src.cxx.obj 
C:\PROGRA~1\MIB055~1\2022\COMMUN~1\VC\Tools\MSVC\1432~1.313\bin\Hostx64\x64\cl.exe  /nologo /TP -DHAVE___ATTRIBUTE__VISIBILITY_DEFAULT  /DWIN32 /D_WINDOWS /EHsc  /Zi /Ob0 /Od /RTC1 -MDd /showIncludes /FoCMakeFiles\cmTC_4e373.dir\src.cxx.obj /FdCMakeFiles\cmTC_4e373.dir\ /FS -c C:\Users\Daniel\source\repos\MyfareNFCio\out\build\x64-Debug\CMakeFiles\CMakeTmp\src.cxx
C:\Users\Daniel\source\repos\MyfareNFCio\out\build\x64-Debug\CMakeFiles\CMakeTmp\src.cxx(3): error C3646: '__attribute__': unknown override specifier
C:\Users\Daniel\source\repos\MyfareNFCio\out\build\x64-Debug\CMakeFiles\CMakeTmp\src.cxx(3): error C2059: syntax error: '('
C:\Users\Daniel\source\repos\MyfareNFCio\out\build\x64-Debug\CMakeFiles\CMakeTmp\src.cxx(3): error C2143: syntax error: missing ')' before '('
C:\Users\Daniel\source\repos\MyfareNFCio\out\build\x64-Debug\CMakeFiles\CMakeTmp\src.cxx(3): error C4430: missing type specifier - int assumed. Note: C++ does not support default-int
C:\Users\Daniel\source\repos\MyfareNFCio\out\build\x64-Debug\CMakeFiles\CMakeTmp\src.cxx(3): error C2440: 'initializing': cannot convert from 'const char [8]' to 'int'
C:\Users\Daniel\source\repos\MyfareNFCio\out\build\x64-Debug\CMakeFiles\CMakeTmp\src.cxx(3): note: There is no context in which this conversion is possible
C:\Users\Daniel\source\repos\MyfareNFCio\out\build\x64-Debug\CMakeFiles\CMakeTmp\src.cxx(3): error C2059: syntax error: ')'
ninja: build stopped: subcommand failed.


Source file was:

#include <cstdlib>
static void foo(void) __attribute__ ((visibility("default")));
int main(void) { return 0; }

Performing C++ SOURCE FILE Test HAVE___ATTRIBUTE__VISIBILITY_HIDDEN failed with the following output:
Change Dir: C:/Users/Daniel/source/repos/MyfareNFCio/out/build/x64-Debug/CMakeFiles/CMakeTmp

Run Build Command(s):C:/Program Files/Microsoft Visual Studio/2022/Community/Common7/IDE/CommonExtensions/Microsoft/CMake/Ninja/ninja.exe cmTC_3b187 && [1/2] Building CXX object CMakeFiles\cmTC_3b187.dir\src.cxx.obj
FAILED: CMakeFiles/cmTC_3b187.dir/src.cxx.obj 
C:\PROGRA~1\MIB055~1\2022\COMMUN~1\VC\Tools\MSVC\1432~1.313\bin\Hostx64\x64\cl.exe  /nologo /TP -DHAVE___ATTRIBUTE__VISIBILITY_HIDDEN  /DWIN32 /D_WINDOWS /EHsc  /Zi /Ob0 /Od /RTC1 -MDd /showIncludes /FoCMakeFiles\cmTC_3b187.dir\src.cxx.obj /FdCMakeFiles\cmTC_3b187.dir\ /FS -c C:\Users\Daniel\source\repos\MyfareNFCio\out\build\x64-Debug\CMakeFiles\CMakeTmp\src.cxx
C:\Users\Daniel\source\repos\MyfareNFCio\out\build\x64-Debug\CMakeFiles\CMakeTmp\src.cxx(3): error C3646: '__attribute__': unknown override specifier
C:\Users\Daniel\source\repos\MyfareNFCio\out\build\x64-Debug\CMakeFiles\CMakeTmp\src.cxx(3): error C2059: syntax error: '('
C:\Users\Daniel\source\repos\MyfareNFCio\out\build\x64-Debug\CMakeFiles\CMakeTmp\src.cxx(3): error C2143: syntax error: missing ')' before '('
C:\Users\Daniel\source\repos\MyfareNFCio\out\build\x64-Debug\CMakeFiles\CMakeTmp\src.cxx(3): error C4430: missing type specifier - int assumed. Note: C++ does not support default-int
C:\Users\Daniel\source\repos\MyfareNFCio\out\build\x64-Debug\CMakeFiles\CMakeTmp\src.cxx(3): error C2440: 'initializing': cannot convert from 'const char [7]' to 'int'
C:\Users\Daniel\source\repos\MyfareNFCio\out\build\x64-Debug\CMakeFiles\CMakeTmp\src.cxx(3): note: There is no context in which this conversion is possible
C:\Users\Daniel\source\repos\MyfareNFCio\out\build\x64-Debug\CMakeFiles\CMakeTmp\src.cxx(3): error C2059: syntax error: ')'
ninja: build stopped: subcommand failed.


Source file was:

#include <cstdlib>
static void foo(void) __attribute__ ((visibility("hidden")));
int main(void) { return 0; }

Performing C++ SOURCE FILE Test HAVE___BUILTIN_EXPECT failed with the following output:
Change Dir: C:/Users/Daniel/source/repos/MyfareNFCio/out/build/x64-Debug/CMakeFiles/CMakeTmp

Run Build Command(s):C:/Program Files/Microsoft Visual Studio/2022/Community/Common7/IDE/CommonExtensions/Microsoft/CMake/Ninja/ninja.exe cmTC_8d2fc && [1/2] Building CXX object CMakeFiles\cmTC_8d2fc.dir\src.cxx.obj
FAILED: CMakeFiles/cmTC_8d2fc.dir/src.cxx.obj 
C:\PROGRA~1\MIB055~1\2022\COMMUN~1\VC\Tools\MSVC\1432~1.313\bin\Hostx64\x64\cl.exe  /nologo /TP -DHAVE___BUILTIN_EXPECT  /DWIN32 /D_WINDOWS /EHsc  /Zi /Ob0 /Od /RTC1 -MDd /showIncludes /FoCMakeFiles\cmTC_8d2fc.dir\src.cxx.obj /FdCMakeFiles\cmTC_8d2fc.dir\ /FS -c C:\Users\Daniel\source\repos\MyfareNFCio\out\build\x64-Debug\CMakeFiles\CMakeTmp\src.cxx
C:\Users\Daniel\source\repos\MyfareNFCio\out\build\x64-Debug\CMakeFiles\CMakeTmp\src.cxx(2): error C3861: '__builtin_expect': identifier not found
ninja: build stopped: subcommand failed.


Source file was:

int main(void) { if (__builtin_expect(0, 0)) return 1; return 0; }

Performing C++ SOURCE FILE Test HAVE___SYNC_VAL_COMPARE_AND_SWAP failed with the following output:
Change Dir: C:/Users/Daniel/source/repos/MyfareNFCio/out/build/x64-Debug/CMakeFiles/CMakeTmp

Run Build Command(s):C:/Program Files/Microsoft Visual Studio/2022/Community/Common7/IDE/CommonExtensions/Microsoft/CMake/Ninja/ninja.exe cmTC_bb382 && [1/2] Building CXX object CMakeFiles\cmTC_bb382.dir\src.cxx.obj
FAILED: CMakeFiles/cmTC_bb382.dir/src.cxx.obj 
C:\PROGRA~1\MIB055~1\2022\COMMUN~1\VC\Tools\MSVC\1432~1.313\bin\Hostx64\x64\cl.exe  /nologo /TP -DHAVE___SYNC_VAL_COMPARE_AND_SWAP  /DWIN32 /D_WINDOWS /EHsc  /Zi /Ob0 /Od /RTC1 -MDd /showIncludes /FoCMakeFiles\cmTC_bb382.dir\src.cxx.obj /FdCMakeFiles\cmTC_bb382.dir\ /FS -c C:\Users\Daniel\source\repos\MyfareNFCio\out\build\x64-Debug\CMakeFiles\CMakeTmp\src.cxx
C:\Users\Daniel\source\repos\MyfareNFCio\out\build\x64-Debug\CMakeFiles\CMakeTmp\src.cxx(4): error C3861: '__sync_val_compare_and_swap': identifier not found
ninja: build stopped: subcommand failed.


Source file was:

int main(void)
{
  int a; if (__sync_val_compare_and_swap(&a, 0, 1)) return 1; return 0;
}

Performing C++ SOURCE FILE Test HAVE_RWLOCK failed with the following output:
Change Dir: C:/Users/Daniel/source/repos/MyfareNFCio/out/build/x64-Debug/CMakeFiles/CMakeTmp

Run Build Command(s):C:/Program Files/Microsoft Visual Studio/2022/Community/Common7/IDE/CommonExtensions/Microsoft/CMake/Ninja/ninja.exe cmTC_ddc4a && [1/2] Building CXX object CMakeFiles\cmTC_ddc4a.dir\src.cxx.obj
FAILED: CMakeFiles/cmTC_ddc4a.dir/src.cxx.obj 
C:\PROGRA~1\MIB055~1\2022\COMMUN~1\VC\Tools\MSVC\1432~1.313\bin\Hostx64\x64\cl.exe  /nologo /TP -DHAVE_RWLOCK  /DWIN32 /D_WINDOWS /EHsc  /Zi /Ob0 /Od /RTC1 -MDd /showIncludes /FoCMakeFiles\cmTC_ddc4a.dir\src.cxx.obj /FdCMakeFiles\cmTC_ddc4a.dir\ /FS -c C:\Users\Daniel\source\repos\MyfareNFCio\out\build\x64-Debug\CMakeFiles\CMakeTmp\src.cxx
C:\Users\Daniel\source\repos\MyfareNFCio\out\build\x64-Debug\CMakeFiles\CMakeTmp\src.cxx(3): fatal error C1083: Cannot open include file: 'pthread.h': No such file or directory
ninja: build stopped: subcommand failed.


Source file was:

#define _XOPEN_SOURCE 500
#include <pthread.h>
int main(void)
{
  pthread_rwlock_t l;
  pthread_rwlock_init(&l, NULL);
  pthread_rwlock_rdlock(&l);
  return 0;
}

Performing C++ SOURCE FILE Test STL_NO_NAMESPACE failed with the following output:
Change Dir: C:/Users/Daniel/source/repos/MyfareNFCio/out/build/x64-Debug/CMakeFiles/CMakeTmp

Run Build Command(s):C:/Program Files/Microsoft Visual Studio/2022/Community/Common7/IDE/CommonExtensions/Microsoft/CMake/Ninja/ninja.exe cmTC_3dc93 && [1/2] Building CXX object CMakeFiles\cmTC_3dc93.dir\src.cxx.obj
FAILED: CMakeFiles/cmTC_3dc93.dir/src.cxx.obj 
C:\PROGRA~1\MIB055~1\2022\COMMUN~1\VC\Tools\MSVC\1432~1.313\bin\Hostx64\x64\cl.exe  /nologo /TP -DSTL_NO_NAMESPACE  /DWIN32 /D_WINDOWS /EHsc  /Zi /Ob0 /Od /RTC1 -MDd /showIncludes /FoCMakeFiles\cmTC_3dc93.dir\src.cxx.obj /FdCMakeFiles\cmTC_3dc93.dir\ /FS -c C:\Users\Daniel\source\repos\MyfareNFCio\out\build\x64-Debug\CMakeFiles\CMakeTmp\src.cxx
C:\Users\Daniel\source\repos\MyfareNFCio\out\build\x64-Debug\CMakeFiles\CMakeTmp\src.cxx(3): error C2143: syntax error: missing ';' before '<'
C:\Users\Daniel\source\repos\MyfareNFCio\out\build\x64-Debug\CMakeFiles\CMakeTmp\src.cxx(3): error C4430: missing type specifier - int assumed. Note: C++ does not support default-int
ninja: build stopped: subcommand failed.


Source file was:

#include <vector>
vector<int> t; int main() { }

Performing C++ SOURCE FILE Test HAVE_GCC_TLS failed with the following output:
Change Dir: C:/Users/Daniel/source/repos/MyfareNFCio/out/build/x64-Debug/CMakeFiles/CMakeTmp

Run Build Command(s):C:/Program Files/Microsoft Visual Studio/2022/Community/Common7/IDE/CommonExtensions/Microsoft/CMake/Ninja/ninja.exe cmTC_ca481 && [1/2] Building CXX object CMakeFiles\cmTC_ca481.dir\src.cxx.obj
FAILED: CMakeFiles/cmTC_ca481.dir/src.cxx.obj 
C:\PROGRA~1\MIB055~1\2022\COMMUN~1\VC\Tools\MSVC\1432~1.313\bin\Hostx64\x64\cl.exe  /nologo /TP -DHAVE_GCC_TLS  /DWIN32 /D_WINDOWS /EHsc  /Zi /Ob0 /Od /RTC1 -MDd /showIncludes /FoCMakeFiles\cmTC_ca481.dir\src.cxx.obj /FdCMakeFiles\cmTC_ca481.dir\ /FS -c C:\Users\Daniel\source\repos\MyfareNFCio\out\build\x64-Debug\CMakeFiles\CMakeTmp\src.cxx
C:\Users\Daniel\source\repos\MyfareNFCio\out\build\x64-Debug\CMakeFiles\CMakeTmp\src.cxx(2): error C2144: syntax error: 'int' should be preceded by ';'
C:\Users\Daniel\source\repos\MyfareNFCio\out\build\x64-Debug\CMakeFiles\CMakeTmp\src.cxx(2): error C4430: missing type specifier - int assumed. Note: C++ does not support default-int
ninja: build stopped: subcommand failed.


Source file was:

__thread int tls;
int main() { }

Performing C++ SOURCE FILE Test HAVE_LOCALTIME_R failed with the following output:
Change Dir: C:/Users/Daniel/source/repos/MyfareNFCio/out/build/x64-Debug/CMakeFiles/CMakeTmp

Run Build Command(s):C:/Program Files/Microsoft Visual Studio/2022/Community/Common7/IDE/CommonExtensions/Microsoft/CMake/Ninja/ninja.exe cmTC_4b9f1 && [1/2] Building CXX object CMakeFiles\cmTC_4b9f1.dir\src.cxx.obj
FAILED: CMakeFiles/cmTC_4b9f1.dir/src.cxx.obj 
C:\PROGRA~1\MIB055~1\2022\COMMUN~1\VC\Tools\MSVC\1432~1.313\bin\Hostx64\x64\cl.exe  /nologo /TP -DHAVE_LOCALTIME_R  /DWIN32 /D_WINDOWS /EHsc  /Zi /Ob0 /Od /RTC1 -MDd /showIncludes /FoCMakeFiles\cmTC_4b9f1.dir\src.cxx.obj /FdCMakeFiles\cmTC_4b9f1.dir\ /FS -c C:\Users\Daniel\source\repos\MyfareNFCio\out\build\x64-Debug\CMakeFiles\CMakeTmp\src.cxx
C:\Users\Daniel\source\repos\MyfareNFCio\out\build\x64-Debug\CMakeFiles\CMakeTmp\src.cxx(8): error C3861: 'localtime_r': identifier not found
ninja: build stopped: subcommand failed.


Source file was:

#include <cstdlib>
#include <ctime>
int main()
{
    time_t timep;
    struct tm result;
    localtime_r(&timep, &result);
    return EXIT_SUCCESS;
}

Performing C++ SOURCE FILE Test COMPILER_HAS_DEPRECATED_ATTR failed with the following output:
Change Dir: C:/Users/Daniel/source/repos/MyfareNFCio/out/build/x64-Debug/CMakeFiles/CMakeTmp

Run Build Command(s):C:/Program Files/Microsoft Visual Studio/2022/Community/Common7/IDE/CommonExtensions/Microsoft/CMake/Ninja/ninja.exe cmTC_203f6 && [1/2] Building CXX object CMakeFiles\cmTC_203f6.dir\src.cxx.obj
FAILED: CMakeFiles/cmTC_203f6.dir/src.cxx.obj 
C:\PROGRA~1\MIB055~1\2022\COMMUN~1\VC\Tools\MSVC\1432~1.313\bin\Hostx64\x64\cl.exe  /nologo /TP -DCOMPILER_HAS_DEPRECATED_ATTR  /DWIN32 /D_WINDOWS /EHsc  /Zi /Ob0 /Od /RTC1 -MDd /showIncludes /FoCMakeFiles\cmTC_203f6.dir\src.cxx.obj /FdCMakeFiles\cmTC_203f6.dir\ /FS -c C:\Users\Daniel\source\repos\MyfareNFCio\out\build\x64-Debug\CMakeFiles\CMakeTmp\src.cxx
C:\Users\Daniel\source\repos\MyfareNFCio\out\build\x64-Debug\CMakeFiles\CMakeTmp\src.cxx(1): error C2065: '__deprecated__': undeclared identifier
C:\Users\Daniel\source\repos\MyfareNFCio\out\build\x64-Debug\CMakeFiles\CMakeTmp\src.cxx(1): error C4430: missing type specifier - int assumed. Note: C++ does not support default-int
C:\Users\Daniel\source\repos\MyfareNFCio\out\build\x64-Debug\CMakeFiles\CMakeTmp\src.cxx(1): error C2062: type 'int' unexpected
C:\Users\Daniel\source\repos\MyfareNFCio\out\build\x64-Debug\CMakeFiles\CMakeTmp\src.cxx(1): error C2143: syntax error: missing ';' before '{'
C:\Users\Daniel\source\repos\MyfareNFCio\out\build\x64-Debug\CMakeFiles\CMakeTmp\src.cxx(1): error C2447: '{': missing function header (old-style formal list?)
C:\Users\Daniel\source\repos\MyfareNFCio\out\build\x64-Debug\CMakeFiles\CMakeTmp\src.cxx(2): error C3861: 'somefunc': identifier not found
ninja: build stopped: subcommand failed.


Source file was:
__attribute__((__deprecated__)) int somefunc() { return 0; }
    int main() { return somefunc();}
